Build started 09.04.2016 19.04.35.
     1>Project "C:\Users\Odd Inge\Documents\Dan\GitHub\Shiv_Game\Shiv_Game\Shiv_Game.vcxproj" on node 2 (build target(s)).
     1>InitializeBuildStatus:
         Touching "Debug\Shiv_Game.unsuccessfulbuild".
       ClCompile:
         C:\Program Files (x86)\Microsoft Visual Studio 10.0\VC\bin\CL.exe /c /ZI /nologo /W3 /WX- /Od /Oy- /D _MBCS /Gm /EHsc /RTC1 /MDd /GS /fp:precise /Zc:wchar_t /Zc:forScope /Fo"Debug\\" /Fd"Debug\vc100.pdb" /Gd /TP /analyze- /errorReport:prompt framework.cpp
         framework.cpp
     1>c:\users\odd inge\documents\dan\github\shiv_game\shiv_game\framework.cpp(48): warning C4554: '&' : check operator precedence for possible error; use parentheses to clarify precedence
       Link:
         C:\Program Files (x86)\Microsoft Visual Studio 10.0\VC\bin\link.exe /ERRORREPORT:PROMPT /OUT:"C:\Users\Odd Inge\Documents\Dan\GitHub\Shiv_Game\Debug\Shiv_Game.exe" /NOLOGO SDL2.lib SDL2main.lib SDL2_image.lib SDL2_ttf.lib OpenAL32.lib kernel32.lib user32.lib gdi32.lib winspool.lib comdlg32.lib advapi32.lib shell32.lib ole32.lib oleaut32.lib uuid.lib odbc32.lib odbccp32.lib /MANIFEST /ManifestFile:"Debug\Shiv_Game.exe.intermediate.manifest" /MANIFESTUAC:"level='asInvoker' uiAccess='false'" /DEBUG /PDB:"C:\Users\Odd Inge\Documents\Dan\GitHub\Shiv_Game\Debug\Shiv_Game.pdb" /TLBID:1 /DYNAMICBASE /NXCOMPAT /IMPLIB:"C:\Users\Odd Inge\Documents\Dan\GitHub\Shiv_Game\Debug\Shiv_Game.lib" /MACHINE:X86 Debug\framework.obj
         Debug\frameworkGraphics.obj
         Debug\frameworkResources.obj
         Debug\main.obj
         Shiv_Game.vcxproj -> C:\Users\Odd Inge\Documents\Dan\GitHub\Shiv_Game\Debug\Shiv_Game.exe
       Manifest:
         C:\Program Files (x86)\Microsoft SDKs\Windows\v7.0A\bin\mt.exe /nologo /verbose /outputresource:"C:\Users\Odd Inge\Documents\Dan\GitHub\Shiv_Game\Debug\Shiv_Game.exe;#1" /manifest Debug\Shiv_Game.exe.intermediate.manifest
       FinalizeBuildStatus:
         Deleting file "Debug\Shiv_Game.unsuccessfulbuild".
         Touching "Debug\Shiv_Game.lastbuildstate".
     1>Done Building Project "C:\Users\Odd Inge\Documents\Dan\GitHub\Shiv_Game\Shiv_Game\Shiv_Game.vcxproj" (build target(s)).

Build succeeded.

Time Elapsed 00:00:02.36
